10-Dec-2015 18:43:53.860 INFO [main] org.apache.catalina.startup.VersionLoggerListener.log Server version:        Apache Tomcat/8.0.28
10-Dec-2015 18:43:53.861 INFO [main] org.apache.catalina.startup.VersionLoggerListener.log Server built:          Oct 7 2015 18:25:21 UTC
10-Dec-2015 18:43:53.861 INFO [main] org.apache.catalina.startup.VersionLoggerListener.log Server number:         8.0.28.0
10-Dec-2015 18:43:53.862 INFO [main] org.apache.catalina.startup.VersionLoggerListener.log OS Name:               Linux
10-Dec-2015 18:43:53.862 INFO [main] org.apache.catalina.startup.VersionLoggerListener.log OS Version:            4.1.1
10-Dec-2015 18:43:53.862 INFO [main] org.apache.catalina.startup.VersionLoggerListener.log Architecture:          i386
10-Dec-2015 18:43:53.862 INFO [main] org.apache.catalina.startup.VersionLoggerListener.log Java Home:             /usr/lib/jvm/jdk-8-oracle-i586/jre
10-Dec-2015 18:43:53.862 INFO [main] org.apache.catalina.startup.VersionLoggerListener.log JVM Version:           1.8.0_45-b14
10-Dec-2015 18:43:53.862 INFO [main] org.apache.catalina.startup.VersionLoggerListener.log JVM Vendor:            Oracle Corporation
10-Dec-2015 18:43:53.862 INFO [main] org.apache.catalina.startup.VersionLoggerListener.log CATALINA_BASE:         /var/home/lab/alum0/03/04/420/Escritorio/AplicacionesWeb/WebCitas/apache-tomcat-8.0.28
10-Dec-2015 18:43:53.862 INFO [main] org.apache.catalina.startup.VersionLoggerListener.log CATALINA_HOME:         /var/home/lab/alum0/03/04/420/Escritorio/AplicacionesWeb/WebCitas/apache-tomcat-8.0.28
10-Dec-2015 18:43:53.863 INFO [main] org.apache.catalina.startup.VersionLoggerListener.log Command line argument: -Djava.util.logging.config.file=/usr/lab/alum/0304420/Escritorio/AplicacionesWeb/WebCitas/apache-tomcat-8.0.28/conf/logging.properties
10-Dec-2015 18:43:53.863 INFO [main] org.apache.catalina.startup.VersionLoggerListener.log Command line argument: -Djava.util.logging.manager=org.apache.juli.ClassLoaderLogManager
10-Dec-2015 18:43:53.863 INFO [main] org.apache.catalina.startup.VersionLoggerListener.log Command line argument: -Djava.endorsed.dirs=/usr/lab/alum/0304420/Escritorio/AplicacionesWeb/WebCitas/apache-tomcat-8.0.28/endorsed
10-Dec-2015 18:43:53.863 INFO [main] org.apache.catalina.startup.VersionLoggerListener.log Command line argument: -Dcatalina.base=/usr/lab/alum/0304420/Escritorio/AplicacionesWeb/WebCitas/apache-tomcat-8.0.28
10-Dec-2015 18:43:53.863 INFO [main] org.apache.catalina.startup.VersionLoggerListener.log Command line argument: -Dcatalina.home=/usr/lab/alum/0304420/Escritorio/AplicacionesWeb/WebCitas/apache-tomcat-8.0.28
10-Dec-2015 18:43:53.863 INFO [main] org.apache.catalina.startup.VersionLoggerListener.log Command line argument: -Djava.io.tmpdir=/usr/lab/alum/0304420/Escritorio/AplicacionesWeb/WebCitas/apache-tomcat-8.0.28/temp
10-Dec-2015 18:43:53.863 INFO [main] org.apache.catalina.core.AprLifecycleListener.lifecycleEvent La biblioteca nativa de Apache Tomcat basada en ARP que permite un rendimiento óptimo en entornos de desarrollo no ha sido hallada en java.library.path: /usr/java/packages/lib/i386:/lib:/usr/lib
10-Dec-2015 18:43:54.003 INFO [main] org.apache.coyote.AbstractProtocol.init Initializing ProtocolHandler ["http-nio-9188"]
10-Dec-2015 18:43:54.016 SEVERE [main] org.apache.coyote.AbstractProtocol.init Failed to initialize end point associated with ProtocolHandler ["http-nio-9188"]
 java.net.BindException: La dirección ya se está usando
	at sun.nio.ch.Net.bind0(Native Method)
	at sun.nio.ch.Net.bind(Net.java:437)
	at sun.nio.ch.Net.bind(Net.java:429)
	at sun.nio.ch.ServerSocketChannelImpl.bind(ServerSocketChannelImpl.java:223)
	at sun.nio.ch.ServerSocketAdaptor.bind(ServerSocketAdaptor.java:74)
	at org.apache.tomcat.util.net.NioEndpoint.bind(NioEndpoint.java:340)
	at org.apache.tomcat.util.net.AbstractEndpoint.init(AbstractEndpoint.java:742)
	at org.apache.coyote.AbstractProtocol.init(AbstractProtocol.java:457)
	at org.apache.coyote.http11.AbstractHttp11JsseProtocol.init(AbstractHttp11JsseProtocol.java:120)
	at org.apache.catalina.connector.Connector.initInternal(Connector.java:960)
	at org.apache.catalina.util.LifecycleBase.init(LifecycleBase.java:102)
	at org.apache.catalina.core.StandardService.initInternal(StandardService.java:567)
	at org.apache.catalina.util.LifecycleBase.init(LifecycleBase.java:102)
	at org.apache.catalina.core.StandardServer.initInternal(StandardServer.java:851)
	at org.apache.catalina.util.LifecycleBase.init(LifecycleBase.java:102)
	at org.apache.catalina.startup.Catalina.load(Catalina.java:576)
	at org.apache.catalina.startup.Catalina.load(Catalina.java:599)
	at sun.reflect.NativeMethodAccessorImpl.invoke0(Native Method)
	at sun.reflect.NativeMethodAccessorImpl.invoke(NativeMethodAccessorImpl.java:62)
	at sun.reflect.DelegatingMethodAccessorImpl.invoke(DelegatingMethodAccessorImpl.java:43)
	at java.lang.reflect.Method.invoke(Method.java:497)
	at org.apache.catalina.startup.Bootstrap.load(Bootstrap.java:310)
	at org.apache.catalina.startup.Bootstrap.main(Bootstrap.java:484)

10-Dec-2015 18:43:54.018 SEVERE [main] org.apache.catalina.core.StandardService.initInternal No pude inicializar el conector [Connector[HTTP/1.1-9188]]
 org.apache.catalina.LifecycleException: Failed to initialize component [Connector[HTTP/1.1-9188]]
	at org.apache.catalina.util.LifecycleBase.init(LifecycleBase.java:106)
	at org.apache.catalina.core.StandardService.initInternal(StandardService.java:567)
	at org.apache.catalina.util.LifecycleBase.init(LifecycleBase.java:102)
	at org.apache.catalina.core.StandardServer.initInternal(StandardServer.java:851)
	at org.apache.catalina.util.LifecycleBase.init(LifecycleBase.java:102)
	at org.apache.catalina.startup.Catalina.load(Catalina.java:576)
	at org.apache.catalina.startup.Catalina.load(Catalina.java:599)
	at sun.reflect.NativeMethodAccessorImpl.invoke0(Native Method)
	at sun.reflect.NativeMethodAccessorImpl.invoke(NativeMethodAccessorImpl.java:62)
	at sun.reflect.DelegatingMethodAccessorImpl.invoke(DelegatingMethodAccessorImpl.java:43)
	at java.lang.reflect.Method.invoke(Method.java:497)
	at org.apache.catalina.startup.Bootstrap.load(Bootstrap.java:310)
	at org.apache.catalina.startup.Bootstrap.main(Bootstrap.java:484)
Caused by: org.apache.catalina.LifecycleException: Falló la inicialización del manejador de protocolo
	at org.apache.catalina.connector.Connector.initInternal(Connector.java:962)
	at org.apache.catalina.util.LifecycleBase.init(LifecycleBase.java:102)
	... 12 more
Caused by: java.net.BindException: La dirección ya se está usando
	at sun.nio.ch.Net.bind0(Native Method)
	at sun.nio.ch.Net.bind(Net.java:437)
	at sun.nio.ch.Net.bind(Net.java:429)
	at sun.nio.ch.ServerSocketChannelImpl.bind(ServerSocketChannelImpl.java:223)
	at sun.nio.ch.ServerSocketAdaptor.bind(ServerSocketAdaptor.java:74)
	at org.apache.tomcat.util.net.NioEndpoint.bind(NioEndpoint.java:340)
	at org.apache.tomcat.util.net.AbstractEndpoint.init(AbstractEndpoint.java:742)
	at org.apache.coyote.AbstractProtocol.init(AbstractProtocol.java:457)
	at org.apache.coyote.http11.AbstractHttp11JsseProtocol.init(AbstractHttp11JsseProtocol.java:120)
	at org.apache.catalina.connector.Connector.initInternal(Connector.java:960)
	... 13 more

10-Dec-2015 18:43:54.019 INFO [main] org.apache.coyote.AbstractProtocol.init Initializing ProtocolHandler ["ajp-nio-8009"]
10-Dec-2015 18:43:54.020 SEVERE [main] org.apache.coyote.AbstractProtocol.init Failed to initialize end point associated with ProtocolHandler ["ajp-nio-8009"]
 java.net.BindException: La dirección ya se está usando
	at sun.nio.ch.Net.bind0(Native Method)
	at sun.nio.ch.Net.bind(Net.java:437)
	at sun.nio.ch.Net.bind(Net.java:429)
	at sun.nio.ch.ServerSocketChannelImpl.bind(ServerSocketChannelImpl.java:223)
	at sun.nio.ch.ServerSocketAdaptor.bind(ServerSocketAdaptor.java:74)
	at org.apache.tomcat.util.net.NioEndpoint.bind(NioEndpoint.java:340)
	at org.apache.tomcat.util.net.AbstractEndpoint.init(AbstractEndpoint.java:742)
	at org.apache.coyote.AbstractProtocol.init(AbstractProtocol.java:457)
	at org.apache.catalina.connector.Connector.initInternal(Connector.java:960)
	at org.apache.catalina.util.LifecycleBase.init(LifecycleBase.java:102)
	at org.apache.catalina.core.StandardService.initInternal(StandardService.java:567)
	at org.apache.catalina.util.LifecycleBase.init(LifecycleBase.java:102)
	at org.apache.catalina.core.StandardServer.initInternal(StandardServer.java:851)
	at org.apache.catalina.util.LifecycleBase.init(LifecycleBase.java:102)
	at org.apache.catalina.startup.Catalina.load(Catalina.java:576)
	at org.apache.catalina.startup.Catalina.load(Catalina.java:599)
	at sun.reflect.NativeMethodAccessorImpl.invoke0(Native Method)
	at sun.reflect.NativeMethodAccessorImpl.invoke(NativeMethodAccessorImpl.java:62)
	at sun.reflect.DelegatingMethodAccessorImpl.invoke(DelegatingMethodAccessorImpl.java:43)
	at java.lang.reflect.Method.invoke(Method.java:497)
	at org.apache.catalina.startup.Bootstrap.load(Bootstrap.java:310)
	at org.apache.catalina.startup.Bootstrap.main(Bootstrap.java:484)

10-Dec-2015 18:43:54.021 SEVERE [main] org.apache.catalina.core.StandardService.initInternal No pude inicializar el conector [Connector[AJP/1.3-8009]]
 org.apache.catalina.LifecycleException: Failed to initialize component [Connector[AJP/1.3-8009]]
	at org.apache.catalina.util.LifecycleBase.init(LifecycleBase.java:106)
	at org.apache.catalina.core.StandardService.initInternal(StandardService.java:567)
	at org.apache.catalina.util.LifecycleBase.init(LifecycleBase.java:102)
	at org.apache.catalina.core.StandardServer.initInternal(StandardServer.java:851)
	at org.apache.catalina.util.LifecycleBase.init(LifecycleBase.java:102)
	at org.apache.catalina.startup.Catalina.load(Catalina.java:576)
	at org.apache.catalina.startup.Catalina.load(Catalina.java:599)
	at sun.reflect.NativeMethodAccessorImpl.invoke0(Native Method)
	at sun.reflect.NativeMethodAccessorImpl.invoke(NativeMethodAccessorImpl.java:62)
	at sun.reflect.DelegatingMethodAccessorImpl.invoke(DelegatingMethodAccessorImpl.java:43)
	at java.lang.reflect.Method.invoke(Method.java:497)
	at org.apache.catalina.startup.Bootstrap.load(Bootstrap.java:310)
	at org.apache.catalina.startup.Bootstrap.main(Bootstrap.java:484)
Caused by: org.apache.catalina.LifecycleException: Falló la inicialización del manejador de protocolo
	at org.apache.catalina.connector.Connector.initInternal(Connector.java:962)
	at org.apache.catalina.util.LifecycleBase.init(LifecycleBase.java:102)
	... 12 more
Caused by: java.net.BindException: La dirección ya se está usando
	at sun.nio.ch.Net.bind0(Native Method)
	at sun.nio.ch.Net.bind(Net.java:437)
	at sun.nio.ch.Net.bind(Net.java:429)
	at sun.nio.ch.ServerSocketChannelImpl.bind(ServerSocketChannelImpl.java:223)
	at sun.nio.ch.ServerSocketAdaptor.bind(ServerSocketAdaptor.java:74)
	at org.apache.tomcat.util.net.NioEndpoint.bind(NioEndpoint.java:340)
	at org.apache.tomcat.util.net.AbstractEndpoint.init(AbstractEndpoint.java:742)
	at org.apache.coyote.AbstractProtocol.init(AbstractProtocol.java:457)
	at org.apache.catalina.connector.Connector.initInternal(Connector.java:960)
	... 13 more

10-Dec-2015 18:43:54.021 INFO [main] org.apache.catalina.startup.Catalina.load Initialization processed in 489 ms
10-Dec-2015 18:43:54.046 INFO [main] org.apache.catalina.core.StandardService.startInternal Arrancando servicio Catalina
10-Dec-2015 18:43:54.046 INFO [main] org.apache.catalina.core.StandardEngine.startInternal Starting Servlet Engine: Apache Tomcat/8.0.28
10-Dec-2015 18:43:54.066 INFO [localhost-startStop-1] org.apache.catalina.startup.HostConfig.deployDirectory Despliegue del directorio /var/home/lab/alum0/03/04/420/Escritorio/AplicacionesWeb/WebCitas/apache-tomcat-8.0.28/webapps/examples de la aplicación web
10-Dec-2015 18:43:54.971 INFO [localhost-startStop-1] org.apache.catalina.startup.HostConfig.deployDirectory Deployment of web application directory /var/home/lab/alum0/03/04/420/Escritorio/AplicacionesWeb/WebCitas/apache-tomcat-8.0.28/webapps/examples has finished in 904 ms
10-Dec-2015 18:43:54.971 INFO [localhost-startStop-1] org.apache.catalina.startup.HostConfig.deployDirectory Despliegue del directorio /var/home/lab/alum0/03/04/420/Escritorio/AplicacionesWeb/WebCitas/apache-tomcat-8.0.28/webapps/docs de la aplicación web
10-Dec-2015 18:43:54.999 INFO [localhost-startStop-1] org.apache.catalina.startup.HostConfig.deployDirectory Deployment of web application directory /var/home/lab/alum0/03/04/420/Escritorio/AplicacionesWeb/WebCitas/apache-tomcat-8.0.28/webapps/docs has finished in 28 ms
10-Dec-2015 18:43:54.999 INFO [localhost-startStop-1] org.apache.catalina.startup.HostConfig.deployDirectory Despliegue del directorio /var/home/lab/alum0/03/04/420/Escritorio/AplicacionesWeb/WebCitas/apache-tomcat-8.0.28/webapps/manager de la aplicación web
10-Dec-2015 18:43:55.032 INFO [localhost-startStop-1] org.apache.catalina.startup.HostConfig.deployDirectory Deployment of web application directory /var/home/lab/alum0/03/04/420/Escritorio/AplicacionesWeb/WebCitas/apache-tomcat-8.0.28/webapps/manager has finished in 33 ms
10-Dec-2015 18:43:55.033 INFO [localhost-startStop-1] org.apache.catalina.startup.HostConfig.deployDirectory Despliegue del directorio /var/home/lab/alum0/03/04/420/Escritorio/AplicacionesWeb/WebCitas/apache-tomcat-8.0.28/webapps/ROOT de la aplicación web
10-Dec-2015 18:43:55.054 INFO [localhost-startStop-1] org.apache.catalina.startup.HostConfig.deployDirectory Deployment of web application directory /var/home/lab/alum0/03/04/420/Escritorio/AplicacionesWeb/WebCitas/apache-tomcat-8.0.28/webapps/ROOT has finished in 21 ms
10-Dec-2015 18:43:55.055 INFO [localhost-startStop-1] org.apache.catalina.startup.HostConfig.deployDirectory Despliegue del directorio /var/home/lab/alum0/03/04/420/Escritorio/AplicacionesWeb/WebCitas/apache-tomcat-8.0.28/webapps/host-manager de la aplicación web
10-Dec-2015 18:43:55.081 INFO [localhost-startStop-1] org.apache.catalina.startup.HostConfig.deployDirectory Deployment of web application directory /var/home/lab/alum0/03/04/420/Escritorio/AplicacionesWeb/WebCitas/apache-tomcat-8.0.28/webapps/host-manager has finished in 26 ms
10-Dec-2015 18:43:55.082 INFO [localhost-startStop-1] org.apache.catalina.startup.HostConfig.deployDirectory Despliegue del directorio /var/home/lab/alum0/03/04/420/Escritorio/AplicacionesWeb/WebCitas/apache-tomcat-8.0.28/webapps/meetstoric de la aplicación web
10-Dec-2015 18:43:55.280 WARNING [localhost-startStop-1] org.apache.tomcat.dbcp.dbcp2.BasicDataSourceFactory.getObjectInstance Name = BaseDatos Property maxActive is not used in DBCP2, use maxTotal instead. maxTotal default value is 8. You have set value of "8" for "maxActive" property, which is being ignored.
10-Dec-2015 18:43:55.298 INFO [localhost-startStop-1] org.apache.jasper.servlet.TldScanner.scanJars Al menos un JAR, que se ha explorado buscando TLDs, aún no contenía TLDs. Activar historial de depuración para este historiador para una completa lista de los JARs que fueron explorados y de los que nos se halló TLDs. Saltarse JARs no necesarios durante la exploración puede dar lugar a una mejora de tiempo significativa en el arranque y compilación de JSP .
10-Dec-2015 18:43:55.304 INFO [localhost-startStop-1] org.apache.catalina.startup.HostConfig.deployDirectory Deployment of web application directory /var/home/lab/alum0/03/04/420/Escritorio/AplicacionesWeb/WebCitas/apache-tomcat-8.0.28/webapps/meetstoric has finished in 223 ms
10-Dec-2015 18:43:55.307 INFO [main] org.apache.catalina.startup.Catalina.start Server startup in 1285 ms
10-Dec-2015 18:43:55.309 SEVERE [main] org.apache.catalina.core.StandardServer.await StandardServer.await: create[localhost:8005]: 
 java.net.BindException: La dirección ya se está usando
	at java.net.PlainSocketImpl.socketBind(Native Method)
	at java.net.AbstractPlainSocketImpl.bind(AbstractPlainSocketImpl.java:382)
	at java.net.ServerSocket.bind(ServerSocket.java:375)
	at java.net.ServerSocket.<init>(ServerSocket.java:237)
	at org.apache.catalina.core.StandardServer.await(StandardServer.java:420)
	at org.apache.catalina.startup.Catalina.await(Catalina.java:713)
	at org.apache.catalina.startup.Catalina.start(Catalina.java:659)
	at sun.reflect.NativeMethodAccessorImpl.invoke0(Native Method)
	at sun.reflect.NativeMethodAccessorImpl.invoke(NativeMethodAccessorImpl.java:62)
	at sun.reflect.DelegatingMethodAccessorImpl.invoke(DelegatingMethodAccessorImpl.java:43)
	at java.lang.reflect.Method.invoke(Method.java:497)
	at org.apache.catalina.startup.Bootstrap.start(Bootstrap.java:351)
	at org.apache.catalina.startup.Bootstrap.main(Bootstrap.java:485)

10-Dec-2015 18:43:55.309 INFO [main] org.apache.coyote.AbstractProtocol.pause Pausing ProtocolHandler ["http-nio-9188"]
10-Dec-2015 18:43:55.309 INFO [main] org.apache.coyote.AbstractProtocol.pause Pausing ProtocolHandler ["ajp-nio-8009"]
10-Dec-2015 18:43:55.309 INFO [main] org.apache.catalina.core.StandardService.stopInternal Parando servicio Catalina
10-Dec-2015 18:43:55.330 INFO [main] org.apache.coyote.AbstractProtocol.stop Stopping ProtocolHandler ["http-nio-9188"]
10-Dec-2015 18:43:55.330 INFO [main] org.apache.coyote.AbstractProtocol.destroy Destroying ProtocolHandler ["http-nio-9188"]
10-Dec-2015 18:43:55.331 INFO [main] org.apache.coyote.AbstractProtocol.stop Stopping ProtocolHandler ["ajp-nio-8009"]
10-Dec-2015 18:43:55.331 INFO [main] org.apache.coyote.AbstractProtocol.destroy Destroying ProtocolHandler ["ajp-nio-8009"]
10-Dec-2015 18:45:21.002 INFO [main] org.apache.catalina.startup.VersionLoggerListener.log Server version:        Apache Tomcat/8.0.28
10-Dec-2015 18:45:21.003 INFO [main] org.apache.catalina.startup.VersionLoggerListener.log Server built:          Oct 7 2015 18:25:21 UTC
10-Dec-2015 18:45:21.003 INFO [main] org.apache.catalina.startup.VersionLoggerListener.log Server number:         8.0.28.0
10-Dec-2015 18:45:21.003 INFO [main] org.apache.catalina.startup.VersionLoggerListener.log OS Name:               Linux
10-Dec-2015 18:45:21.004 INFO [main] org.apache.catalina.startup.VersionLoggerListener.log OS Version:            4.1.1
10-Dec-2015 18:45:21.004 INFO [main] org.apache.catalina.startup.VersionLoggerListener.log Architecture:          i386
10-Dec-2015 18:45:21.004 INFO [main] org.apache.catalina.startup.VersionLoggerListener.log Java Home:             /usr/lib/jvm/jdk-8-oracle-i586/jre
10-Dec-2015 18:45:21.004 INFO [main] org.apache.catalina.startup.VersionLoggerListener.log JVM Version:           1.8.0_45-b14
10-Dec-2015 18:45:21.004 INFO [main] org.apache.catalina.startup.VersionLoggerListener.log JVM Vendor:            Oracle Corporation
10-Dec-2015 18:45:21.004 INFO [main] org.apache.catalina.startup.VersionLoggerListener.log CATALINA_BASE:         /var/home/lab/alum0/03/04/420/Escritorio/AplicacionesWeb/WebCitas/apache-tomcat-8.0.28
10-Dec-2015 18:45:21.004 INFO [main] org.apache.catalina.startup.VersionLoggerListener.log CATALINA_HOME:         /var/home/lab/alum0/03/04/420/Escritorio/AplicacionesWeb/WebCitas/apache-tomcat-8.0.28
10-Dec-2015 18:45:21.004 INFO [main] org.apache.catalina.startup.VersionLoggerListener.log Command line argument: -Djava.util.logging.config.file=/usr/lab/alum/0304420/Escritorio/AplicacionesWeb/WebCitas/apache-tomcat-8.0.28/conf/logging.properties
10-Dec-2015 18:45:21.004 INFO [main] org.apache.catalina.startup.VersionLoggerListener.log Command line argument: -Djava.util.logging.manager=org.apache.juli.ClassLoaderLogManager
10-Dec-2015 18:45:21.005 INFO [main] org.apache.catalina.startup.VersionLoggerListener.log Command line argument: -Djava.endorsed.dirs=/usr/lab/alum/0304420/Escritorio/AplicacionesWeb/WebCitas/apache-tomcat-8.0.28/endorsed
10-Dec-2015 18:45:21.005 INFO [main] org.apache.catalina.startup.VersionLoggerListener.log Command line argument: -Dcatalina.base=/usr/lab/alum/0304420/Escritorio/AplicacionesWeb/WebCitas/apache-tomcat-8.0.28
10-Dec-2015 18:45:21.005 INFO [main] org.apache.catalina.startup.VersionLoggerListener.log Command line argument: -Dcatalina.home=/usr/lab/alum/0304420/Escritorio/AplicacionesWeb/WebCitas/apache-tomcat-8.0.28
10-Dec-2015 18:45:21.005 INFO [main] org.apache.catalina.startup.VersionLoggerListener.log Command line argument: -Djava.io.tmpdir=/usr/lab/alum/0304420/Escritorio/AplicacionesWeb/WebCitas/apache-tomcat-8.0.28/temp
10-Dec-2015 18:45:21.005 INFO [main] org.apache.catalina.core.AprLifecycleListener.lifecycleEvent La biblioteca nativa de Apache Tomcat basada en ARP que permite un rendimiento óptimo en entornos de desarrollo no ha sido hallada en java.library.path: /usr/java/packages/lib/i386:/lib:/usr/lib
10-Dec-2015 18:45:21.138 INFO [main] org.apache.coyote.AbstractProtocol.init Initializing ProtocolHandler ["http-nio-9188"]
10-Dec-2015 18:45:21.150 SEVERE [main] org.apache.coyote.AbstractProtocol.init Failed to initialize end point associated with ProtocolHandler ["http-nio-9188"]
 java.net.BindException: La dirección ya se está usando
	at sun.nio.ch.Net.bind0(Native Method)
	at sun.nio.ch.Net.bind(Net.java:437)
	at sun.nio.ch.Net.bind(Net.java:429)
	at sun.nio.ch.ServerSocketChannelImpl.bind(ServerSocketChannelImpl.java:223)
	at sun.nio.ch.ServerSocketAdaptor.bind(ServerSocketAdaptor.java:74)
	at org.apache.tomcat.util.net.NioEndpoint.bind(NioEndpoint.java:340)
	at org.apache.tomcat.util.net.AbstractEndpoint.init(AbstractEndpoint.java:742)
	at org.apache.coyote.AbstractProtocol.init(AbstractProtocol.java:457)
	at org.apache.coyote.http11.AbstractHttp11JsseProtocol.init(AbstractHttp11JsseProtocol.java:120)
	at org.apache.catalina.connector.Connector.initInternal(Connector.java:960)
	at org.apache.catalina.util.LifecycleBase.init(LifecycleBase.java:102)
	at org.apache.catalina.core.StandardService.initInternal(StandardService.java:567)
	at org.apache.catalina.util.LifecycleBase.init(LifecycleBase.java:102)
	at org.apache.catalina.core.StandardServer.initInternal(StandardServer.java:851)
	at org.apache.catalina.util.LifecycleBase.init(LifecycleBase.java:102)
	at org.apache.catalina.startup.Catalina.load(Catalina.java:576)
	at org.apache.catalina.startup.Catalina.load(Catalina.java:599)
	at sun.reflect.NativeMethodAccessorImpl.invoke0(Native Method)
	at sun.reflect.NativeMethodAccessorImpl.invoke(NativeMethodAccessorImpl.java:62)
	at sun.reflect.DelegatingMethodAccessorImpl.invoke(DelegatingMethodAccessorImpl.java:43)
	at java.lang.reflect.Method.invoke(Method.java:497)
	at org.apache.catalina.startup.Bootstrap.load(Bootstrap.java:310)
	at org.apache.catalina.startup.Bootstrap.main(Bootstrap.java:484)

10-Dec-2015 18:45:21.151 SEVERE [main] org.apache.catalina.core.StandardService.initInternal No pude inicializar el conector [Connector[HTTP/1.1-9188]]
 org.apache.catalina.LifecycleException: Failed to initialize component [Connector[HTTP/1.1-9188]]
	at org.apache.catalina.util.LifecycleBase.init(LifecycleBase.java:106)
	at org.apache.catalina.core.StandardService.initInternal(StandardService.java:567)
	at org.apache.catalina.util.LifecycleBase.init(LifecycleBase.java:102)
	at org.apache.catalina.core.StandardServer.initInternal(StandardServer.java:851)
	at org.apache.catalina.util.LifecycleBase.init(LifecycleBase.java:102)
	at org.apache.catalina.startup.Catalina.load(Catalina.java:576)
	at org.apache.catalina.startup.Catalina.load(Catalina.java:599)
	at sun.reflect.NativeMethodAccessorImpl.invoke0(Native Method)
	at sun.reflect.NativeMethodAccessorImpl.invoke(NativeMethodAccessorImpl.java:62)
	at sun.reflect.DelegatingMethodAccessorImpl.invoke(DelegatingMethodAccessorImpl.java:43)
	at java.lang.reflect.Method.invoke(Method.java:497)
	at org.apache.catalina.startup.Bootstrap.load(Bootstrap.java:310)
	at org.apache.catalina.startup.Bootstrap.main(Bootstrap.java:484)
Caused by: org.apache.catalina.LifecycleException: Falló la inicialización del manejador de protocolo
	at org.apache.catalina.connector.Connector.initInternal(Connector.java:962)
	at org.apache.catalina.util.LifecycleBase.init(LifecycleBase.java:102)
	... 12 more
Caused by: java.net.BindException: La dirección ya se está usando
	at sun.nio.ch.Net.bind0(Native Method)
	at sun.nio.ch.Net.bind(Net.java:437)
	at sun.nio.ch.Net.bind(Net.java:429)
	at sun.nio.ch.ServerSocketChannelImpl.bind(ServerSocketChannelImpl.java:223)
	at sun.nio.ch.ServerSocketAdaptor.bind(ServerSocketAdaptor.java:74)
	at org.apache.tomcat.util.net.NioEndpoint.bind(NioEndpoint.java:340)
	at org.apache.tomcat.util.net.AbstractEndpoint.init(AbstractEndpoint.java:742)
	at org.apache.coyote.AbstractProtocol.init(AbstractProtocol.java:457)
	at org.apache.coyote.http11.AbstractHttp11JsseProtocol.init(AbstractHttp11JsseProtocol.java:120)
	at org.apache.catalina.connector.Connector.initInternal(Connector.java:960)
	... 13 more

10-Dec-2015 18:45:21.152 INFO [main] org.apache.coyote.AbstractProtocol.init Initializing ProtocolHandler ["ajp-nio-8009"]
10-Dec-2015 18:45:21.153 SEVERE [main] org.apache.coyote.AbstractProtocol.init Failed to initialize end point associated with ProtocolHandler ["ajp-nio-8009"]
 java.net.BindException: La dirección ya se está usando
	at sun.nio.ch.Net.bind0(Native Method)
	at sun.nio.ch.Net.bind(Net.java:437)
	at sun.nio.ch.Net.bind(Net.java:429)
	at sun.nio.ch.ServerSocketChannelImpl.bind(ServerSocketChannelImpl.java:223)
	at sun.nio.ch.ServerSocketAdaptor.bind(ServerSocketAdaptor.java:74)
	at org.apache.tomcat.util.net.NioEndpoint.bind(NioEndpoint.java:340)
	at org.apache.tomcat.util.net.AbstractEndpoint.init(AbstractEndpoint.java:742)
	at org.apache.coyote.AbstractProtocol.init(AbstractProtocol.java:457)
	at org.apache.catalina.connector.Connector.initInternal(Connector.java:960)
	at org.apache.catalina.util.LifecycleBase.init(LifecycleBase.java:102)
	at org.apache.catalina.core.StandardService.initInternal(StandardService.java:567)
	at org.apache.catalina.util.LifecycleBase.init(LifecycleBase.java:102)
	at org.apache.catalina.core.StandardServer.initInternal(StandardServer.java:851)
	at org.apache.catalina.util.LifecycleBase.init(LifecycleBase.java:102)
	at org.apache.catalina.startup.Catalina.load(Catalina.java:576)
	at org.apache.catalina.startup.Catalina.load(Catalina.java:599)
	at sun.reflect.NativeMethodAccessorImpl.invoke0(Native Method)
	at sun.reflect.NativeMethodAccessorImpl.invoke(NativeMethodAccessorImpl.java:62)
	at sun.reflect.DelegatingMethodAccessorImpl.invoke(DelegatingMethodAccessorImpl.java:43)
	at java.lang.reflect.Method.invoke(Method.java:497)
	at org.apache.catalina.startup.Bootstrap.load(Bootstrap.java:310)
	at org.apache.catalina.startup.Bootstrap.main(Bootstrap.java:484)

10-Dec-2015 18:45:21.154 SEVERE [main] org.apache.catalina.core.StandardService.initInternal No pude inicializar el conector [Connector[AJP/1.3-8009]]
 org.apache.catalina.LifecycleException: Failed to initialize component [Connector[AJP/1.3-8009]]
	at org.apache.catalina.util.LifecycleBase.init(LifecycleBase.java:106)
	at org.apache.catalina.core.StandardService.initInternal(StandardService.java:567)
	at org.apache.catalina.util.LifecycleBase.init(LifecycleBase.java:102)
	at org.apache.catalina.core.StandardServer.initInternal(StandardServer.java:851)
	at org.apache.catalina.util.LifecycleBase.init(LifecycleBase.java:102)
	at org.apache.catalina.startup.Catalina.load(Catalina.java:576)
	at org.apache.catalina.startup.Catalina.load(Catalina.java:599)
	at sun.reflect.NativeMethodAccessorImpl.invoke0(Native Method)
	at sun.reflect.NativeMethodAccessorImpl.invoke(NativeMethodAccessorImpl.java:62)
	at sun.reflect.DelegatingMethodAccessorImpl.invoke(DelegatingMethodAccessorImpl.java:43)
	at java.lang.reflect.Method.invoke(Method.java:497)
	at org.apache.catalina.startup.Bootstrap.load(Bootstrap.java:310)
	at org.apache.catalina.startup.Bootstrap.main(Bootstrap.java:484)
Caused by: org.apache.catalina.LifecycleException: Falló la inicialización del manejador de protocolo
	at org.apache.catalina.connector.Connector.initInternal(Connector.java:962)
	at org.apache.catalina.util.LifecycleBase.init(LifecycleBase.java:102)
	... 12 more
Caused by: java.net.BindException: La dirección ya se está usando
	at sun.nio.ch.Net.bind0(Native Method)
	at sun.nio.ch.Net.bind(Net.java:437)
	at sun.nio.ch.Net.bind(Net.java:429)
	at sun.nio.ch.ServerSocketChannelImpl.bind(ServerSocketChannelImpl.java:223)
	at sun.nio.ch.ServerSocketAdaptor.bind(ServerSocketAdaptor.java:74)
	at org.apache.tomcat.util.net.NioEndpoint.bind(NioEndpoint.java:340)
	at org.apache.tomcat.util.net.AbstractEndpoint.init(AbstractEndpoint.java:742)
	at org.apache.coyote.AbstractProtocol.init(AbstractProtocol.java:457)
	at org.apache.catalina.connector.Connector.initInternal(Connector.java:960)
	... 13 more

10-Dec-2015 18:45:21.154 INFO [main] org.apache.catalina.startup.Catalina.load Initialization processed in 479 ms
10-Dec-2015 18:45:21.174 INFO [main] org.apache.catalina.core.StandardService.startInternal Arrancando servicio Catalina
10-Dec-2015 18:45:21.174 INFO [main] org.apache.catalina.core.StandardEngine.startInternal Starting Servlet Engine: Apache Tomcat/8.0.28
10-Dec-2015 18:45:21.185 INFO [localhost-startStop-1] org.apache.catalina.startup.HostConfig.deployDirectory Despliegue del directorio /var/home/lab/alum0/03/04/420/Escritorio/AplicacionesWeb/WebCitas/apache-tomcat-8.0.28/webapps/examples de la aplicación web
10-Dec-2015 18:45:22.039 INFO [localhost-startStop-1] org.apache.catalina.startup.HostConfig.deployDirectory Deployment of web application directory /var/home/lab/alum0/03/04/420/Escritorio/AplicacionesWeb/WebCitas/apache-tomcat-8.0.28/webapps/examples has finished in 853 ms
10-Dec-2015 18:45:22.039 INFO [localhost-startStop-1] org.apache.catalina.startup.HostConfig.deployDirectory Despliegue del directorio /var/home/lab/alum0/03/04/420/Escritorio/AplicacionesWeb/WebCitas/apache-tomcat-8.0.28/webapps/docs de la aplicación web
10-Dec-2015 18:45:22.061 INFO [localhost-startStop-1] org.apache.catalina.startup.HostConfig.deployDirectory Deployment of web application directory /var/home/lab/alum0/03/04/420/Escritorio/AplicacionesWeb/WebCitas/apache-tomcat-8.0.28/webapps/docs has finished in 22 ms
10-Dec-2015 18:45:22.061 INFO [localhost-startStop-1] org.apache.catalina.startup.HostConfig.deployDirectory Despliegue del directorio /var/home/lab/alum0/03/04/420/Escritorio/AplicacionesWeb/WebCitas/apache-tomcat-8.0.28/webapps/manager de la aplicación web
10-Dec-2015 18:45:22.095 INFO [localhost-startStop-1] org.apache.catalina.startup.HostConfig.deployDirectory Deployment of web application directory /var/home/lab/alum0/03/04/420/Escritorio/AplicacionesWeb/WebCitas/apache-tomcat-8.0.28/webapps/manager has finished in 34 ms
10-Dec-2015 18:45:22.095 INFO [localhost-startStop-1] org.apache.catalina.startup.HostConfig.deployDirectory Despliegue del directorio /var/home/lab/alum0/03/04/420/Escritorio/AplicacionesWeb/WebCitas/apache-tomcat-8.0.28/webapps/ROOT de la aplicación web
10-Dec-2015 18:45:22.121 INFO [localhost-startStop-1] org.apache.catalina.startup.HostConfig.deployDirectory Deployment of web application directory /var/home/lab/alum0/03/04/420/Escritorio/AplicacionesWeb/WebCitas/apache-tomcat-8.0.28/webapps/ROOT has finished in 26 ms
10-Dec-2015 18:45:22.121 INFO [localhost-startStop-1] org.apache.catalina.startup.HostConfig.deployDirectory Despliegue del directorio /var/home/lab/alum0/03/04/420/Escritorio/AplicacionesWeb/WebCitas/apache-tomcat-8.0.28/webapps/host-manager de la aplicación web
10-Dec-2015 18:45:22.152 INFO [localhost-startStop-1] org.apache.catalina.startup.HostConfig.deployDirectory Deployment of web application directory /var/home/lab/alum0/03/04/420/Escritorio/AplicacionesWeb/WebCitas/apache-tomcat-8.0.28/webapps/host-manager has finished in 31 ms
10-Dec-2015 18:45:22.152 INFO [localhost-startStop-1] org.apache.catalina.startup.HostConfig.deployDirectory Despliegue del directorio /var/home/lab/alum0/03/04/420/Escritorio/AplicacionesWeb/WebCitas/apache-tomcat-8.0.28/webapps/meetstoric de la aplicación web
10-Dec-2015 18:45:22.379 WARNING [localhost-startStop-1] org.apache.tomcat.dbcp.dbcp2.BasicDataSourceFactory.getObjectInstance Name = BaseDatos Property maxActive is not used in DBCP2, use maxTotal instead. maxTotal default value is 8. You have set value of "8" for "maxActive" property, which is being ignored.
10-Dec-2015 18:45:22.395 INFO [localhost-startStop-1] org.apache.jasper.servlet.TldScanner.scanJars Al menos un JAR, que se ha explorado buscando TLDs, aún no contenía TLDs. Activar historial de depuración para este historiador para una completa lista de los JARs que fueron explorados y de los que nos se halló TLDs. Saltarse JARs no necesarios durante la exploración puede dar lugar a una mejora de tiempo significativa en el arranque y compilación de JSP .
10-Dec-2015 18:45:22.403 INFO [localhost-startStop-1] org.apache.catalina.startup.HostConfig.deployDirectory Deployment of web application directory /var/home/lab/alum0/03/04/420/Escritorio/AplicacionesWeb/WebCitas/apache-tomcat-8.0.28/webapps/meetstoric has finished in 251 ms
10-Dec-2015 18:45:22.406 INFO [main] org.apache.catalina.startup.Catalina.start Server startup in 1251 ms
10-Dec-2015 18:45:22.407 SEVERE [main] org.apache.catalina.core.StandardServer.await StandardServer.await: create[localhost:8005]: 
 java.net.BindException: La dirección ya se está usando
	at java.net.PlainSocketImpl.socketBind(Native Method)
	at java.net.AbstractPlainSocketImpl.bind(AbstractPlainSocketImpl.java:382)
	at java.net.ServerSocket.bind(ServerSocket.java:375)
	at java.net.ServerSocket.<init>(ServerSocket.java:237)
	at org.apache.catalina.core.StandardServer.await(StandardServer.java:420)
	at org.apache.catalina.startup.Catalina.await(Catalina.java:713)
	at org.apache.catalina.startup.Catalina.start(Catalina.java:659)
	at sun.reflect.NativeMethodAccessorImpl.invoke0(Native Method)
	at sun.reflect.NativeMethodAccessorImpl.invoke(NativeMethodAccessorImpl.java:62)
	at sun.reflect.DelegatingMethodAccessorImpl.invoke(DelegatingMethodAccessorImpl.java:43)
	at java.lang.reflect.Method.invoke(Method.java:497)
	at org.apache.catalina.startup.Bootstrap.start(Bootstrap.java:351)
	at org.apache.catalina.startup.Bootstrap.main(Bootstrap.java:485)

10-Dec-2015 18:45:22.408 INFO [main] org.apache.coyote.AbstractProtocol.pause Pausing ProtocolHandler ["http-nio-9188"]
10-Dec-2015 18:45:22.408 INFO [main] org.apache.coyote.AbstractProtocol.pause Pausing ProtocolHandler ["ajp-nio-8009"]
10-Dec-2015 18:45:22.408 INFO [main] org.apache.catalina.core.StandardService.stopInternal Parando servicio Catalina
10-Dec-2015 18:45:22.428 INFO [main] org.apache.coyote.AbstractProtocol.stop Stopping ProtocolHandler ["http-nio-9188"]
10-Dec-2015 18:45:22.429 INFO [main] org.apache.coyote.AbstractProtocol.destroy Destroying ProtocolHandler ["http-nio-9188"]
10-Dec-2015 18:45:22.429 INFO [main] org.apache.coyote.AbstractProtocol.stop Stopping ProtocolHandler ["ajp-nio-8009"]
10-Dec-2015 18:45:22.429 INFO [main] org.apache.coyote.AbstractProtocol.destroy Destroying ProtocolHandler ["ajp-nio-8009"]
10-Dec-2015 18:53:33.448 INFO [main] org.apache.catalina.startup.VersionLoggerListener.log Server version:        Apache Tomcat/8.0.28
10-Dec-2015 18:53:33.451 INFO [main] org.apache.catalina.startup.VersionLoggerListener.log Server built:          Oct 7 2015 18:25:21 UTC
10-Dec-2015 18:53:33.451 INFO [main] org.apache.catalina.startup.VersionLoggerListener.log Server number:         8.0.28.0
10-Dec-2015 18:53:33.451 INFO [main] org.apache.catalina.startup.VersionLoggerListener.log OS Name:               Linux
10-Dec-2015 18:53:33.451 INFO [main] org.apache.catalina.startup.VersionLoggerListener.log OS Version:            4.1.1
10-Dec-2015 18:53:33.452 INFO [main] org.apache.catalina.startup.VersionLoggerListener.log Architecture:          i386
10-Dec-2015 18:53:33.452 INFO [main] org.apache.catalina.startup.VersionLoggerListener.log Java Home:             /usr/lib/jvm/jdk-8-oracle-i586/jre
10-Dec-2015 18:53:33.452 INFO [main] org.apache.catalina.startup.VersionLoggerListener.log JVM Version:           1.8.0_45-b14
10-Dec-2015 18:53:33.452 INFO [main] org.apache.catalina.startup.VersionLoggerListener.log JVM Vendor:            Oracle Corporation
10-Dec-2015 18:53:33.452 INFO [main] org.apache.catalina.startup.VersionLoggerListener.log CATALINA_BASE:         /var/home/lab/alum0/03/04/420/Escritorio/AplicacionesWeb/WebCitas/apache-tomcat-8.0.28
10-Dec-2015 18:53:33.452 INFO [main] org.apache.catalina.startup.VersionLoggerListener.log CATALINA_HOME:         /var/home/lab/alum0/03/04/420/Escritorio/AplicacionesWeb/WebCitas/apache-tomcat-8.0.28
10-Dec-2015 18:53:33.453 INFO [main] org.apache.catalina.startup.VersionLoggerListener.log Command line argument: -Djava.util.logging.config.file=/usr/lab/alum/0304420/Escritorio/AplicacionesWeb/WebCitas/apache-tomcat-8.0.28/conf/logging.properties
10-Dec-2015 18:53:33.453 INFO [main] org.apache.catalina.startup.VersionLoggerListener.log Command line argument: -Djava.util.logging.manager=org.apache.juli.ClassLoaderLogManager
10-Dec-2015 18:53:33.453 INFO [main] org.apache.catalina.startup.VersionLoggerListener.log Command line argument: -Djava.endorsed.dirs=/usr/lab/alum/0304420/Escritorio/AplicacionesWeb/WebCitas/apache-tomcat-8.0.28/endorsed
10-Dec-2015 18:53:33.453 INFO [main] org.apache.catalina.startup.VersionLoggerListener.log Command line argument: -Dcatalina.base=/usr/lab/alum/0304420/Escritorio/AplicacionesWeb/WebCitas/apache-tomcat-8.0.28
10-Dec-2015 18:53:33.454 INFO [main] org.apache.catalina.startup.VersionLoggerListener.log Command line argument: -Dcatalina.home=/usr/lab/alum/0304420/Escritorio/AplicacionesWeb/WebCitas/apache-tomcat-8.0.28
10-Dec-2015 18:53:33.454 INFO [main] org.apache.catalina.startup.VersionLoggerListener.log Command line argument: -Djava.io.tmpdir=/usr/lab/alum/0304420/Escritorio/AplicacionesWeb/WebCitas/apache-tomcat-8.0.28/temp
10-Dec-2015 18:53:33.454 INFO [main] org.apache.catalina.core.AprLifecycleListener.lifecycleEvent La biblioteca nativa de Apache Tomcat basada en ARP que permite un rendimiento óptimo en entornos de desarrollo no ha sido hallada en java.library.path: /usr/java/packages/lib/i386:/lib:/usr/lib
10-Dec-2015 18:53:33.709 INFO [main] org.apache.coyote.AbstractProtocol.init Initializing ProtocolHandler ["http-nio-9188"]
10-Dec-2015 18:53:33.733 INFO [main] org.apache.tomcat.util.net.NioSelectorPool.getSharedSelector Using a shared selector for servlet write/read
10-Dec-2015 18:53:33.738 INFO [main] org.apache.coyote.AbstractProtocol.init Initializing ProtocolHandler ["ajp-nio-8009"]
10-Dec-2015 18:53:33.740 INFO [main] org.apache.tomcat.util.net.NioSelectorPool.getSharedSelector Using a shared selector for servlet write/read
10-Dec-2015 18:53:33.740 INFO [main] org.apache.catalina.startup.Catalina.load Initialization processed in 947 ms
10-Dec-2015 18:53:33.780 INFO [main] org.apache.catalina.core.StandardService.startInternal Arrancando servicio Catalina
10-Dec-2015 18:53:33.780 INFO [main] org.apache.catalina.core.StandardEngine.startInternal Starting Servlet Engine: Apache Tomcat/8.0.28
10-Dec-2015 18:53:33.811 INFO [localhost-startStop-1] org.apache.catalina.startup.HostConfig.deployDirectory Despliegue del directorio /var/home/lab/alum0/03/04/420/Escritorio/AplicacionesWeb/WebCitas/apache-tomcat-8.0.28/webapps/examples de la aplicación web
10-Dec-2015 18:53:35.048 INFO [localhost-startStop-1] org.apache.catalina.startup.HostConfig.deployDirectory Deployment of web application directory /var/home/lab/alum0/03/04/420/Escritorio/AplicacionesWeb/WebCitas/apache-tomcat-8.0.28/webapps/examples has finished in 1.235 ms
10-Dec-2015 18:53:35.049 INFO [localhost-startStop-1] org.apache.catalina.startup.HostConfig.deployDirectory Despliegue del directorio /var/home/lab/alum0/03/04/420/Escritorio/AplicacionesWeb/WebCitas/apache-tomcat-8.0.28/webapps/docs de la aplicación web
10-Dec-2015 18:53:35.083 INFO [localhost-startStop-1] org.apache.catalina.startup.HostConfig.deployDirectory Deployment of web application directory /var/home/lab/alum0/03/04/420/Escritorio/AplicacionesWeb/WebCitas/apache-tomcat-8.0.28/webapps/docs has finished in 34 ms
10-Dec-2015 18:53:35.084 INFO [localhost-startStop-1] org.apache.catalina.startup.HostConfig.deployDirectory Despliegue del directorio /var/home/lab/alum0/03/04/420/Escritorio/AplicacionesWeb/WebCitas/apache-tomcat-8.0.28/webapps/manager de la aplicación web
10-Dec-2015 18:53:35.146 INFO [localhost-startStop-1] org.apache.catalina.startup.HostConfig.deployDirectory Deployment of web application directory /var/home/lab/alum0/03/04/420/Escritorio/AplicacionesWeb/WebCitas/apache-tomcat-8.0.28/webapps/manager has finished in 63 ms
10-Dec-2015 18:53:35.146 INFO [localhost-startStop-1] org.apache.catalina.startup.HostConfig.deployDirectory Despliegue del directorio /var/home/lab/alum0/03/04/420/Escritorio/AplicacionesWeb/WebCitas/apache-tomcat-8.0.28/webapps/ROOT de la aplicación web
10-Dec-2015 18:53:35.181 INFO [localhost-startStop-1] org.apache.catalina.startup.HostConfig.deployDirectory Deployment of web application directory /var/home/lab/alum0/03/04/420/Escritorio/AplicacionesWeb/WebCitas/apache-tomcat-8.0.28/webapps/ROOT has finished in 35 ms
10-Dec-2015 18:53:35.181 INFO [localhost-startStop-1] org.apache.catalina.startup.HostConfig.deployDirectory Despliegue del directorio /var/home/lab/alum0/03/04/420/Escritorio/AplicacionesWeb/WebCitas/apache-tomcat-8.0.28/webapps/host-manager de la aplicación web
10-Dec-2015 18:53:35.226 INFO [localhost-startStop-1] org.apache.catalina.startup.HostConfig.deployDirectory Deployment of web application directory /var/home/lab/alum0/03/04/420/Escritorio/AplicacionesWeb/WebCitas/apache-tomcat-8.0.28/webapps/host-manager has finished in 45 ms
10-Dec-2015 18:53:35.227 INFO [localhost-startStop-1] org.apache.catalina.startup.HostConfig.deployDirectory Despliegue del directorio /var/home/lab/alum0/03/04/420/Escritorio/AplicacionesWeb/WebCitas/apache-tomcat-8.0.28/webapps/meetstoric de la aplicación web
10-Dec-2015 18:53:35.610 WARNING [localhost-startStop-1] org.apache.tomcat.dbcp.dbcp2.BasicDataSourceFactory.getObjectInstance Name = BaseDatos Property maxActive is not used in DBCP2, use maxTotal instead. maxTotal default value is 8. You have set value of "8" for "maxActive" property, which is being ignored.
10-Dec-2015 18:53:35.638 INFO [localhost-startStop-1] org.apache.jasper.servlet.TldScanner.scanJars Al menos un JAR, que se ha explorado buscando TLDs, aún no contenía TLDs. Activar historial de depuración para este historiador para una completa lista de los JARs que fueron explorados y de los que nos se halló TLDs. Saltarse JARs no necesarios durante la exploración puede dar lugar a una mejora de tiempo significativa en el arranque y compilación de JSP .
10-Dec-2015 18:53:35.648 INFO [localhost-startStop-1] org.apache.catalina.startup.HostConfig.deployDirectory Deployment of web application directory /var/home/lab/alum0/03/04/420/Escritorio/AplicacionesWeb/WebCitas/apache-tomcat-8.0.28/webapps/meetstoric has finished in 420 ms
10-Dec-2015 18:53:35.652 INFO [main] org.apache.coyote.AbstractProtocol.start Starting ProtocolHandler ["http-nio-9188"]
10-Dec-2015 18:53:35.661 INFO [main] org.apache.coyote.AbstractProtocol.start Starting ProtocolHandler ["ajp-nio-8009"]
10-Dec-2015 18:53:35.663 INFO [main] org.apache.catalina.startup.Catalina.start Server startup in 1922 ms
10-Dec-2015 18:57:06.279 INFO [ContainerBackgroundProcessor[StandardEngine[Catalina]]] org.apache.catalina.core.StandardContext.reload Ha comenzado la recarga de Contexto [/meetstoric]
10-Dec-2015 18:57:06.310 WARNING [ContainerBackgroundProcessor[StandardEngine[Catalina]]] org.apache.catalina.loader.WebappClassLoaderBase.clearReferencesJdbc La aplicación web [meetstoric] registró el conductor JDBC [com.mysql.jdbc.Driver] pero falló al anular el registro mientras la aplicación web estaba parada. Para prevenir un fallo de memoria, se ha anulado el registro del conductor JDBC por la fuerza.
10-Dec-2015 18:57:06.311 WARNING [ContainerBackgroundProcessor[StandardEngine[Catalina]]] org.apache.catalina.loader.WebappClassLoaderBase.clearReferencesThreads The web application [meetstoric] appears to have started a thread named [Abandoned connection cleanup thread] but has failed to stop it. This is very likely to create a memory leak. Stack trace of thread:
 java.lang.Object.wait(Native Method)
 java.lang.ref.ReferenceQueue.remove(ReferenceQueue.java:143)
 com.mysql.jdbc.AbandonedConnectionCleanupThread.run(AbandonedConnectionCleanupThread.java:43)
10-Dec-2015 18:57:06.556 INFO [ContainerBackgroundProcessor[StandardEngine[Catalina]]] org.apache.jasper.servlet.TldScanner.scanJars Al menos un JAR, que se ha explorado buscando TLDs, aún no contenía TLDs. Activar historial de depuración para este historiador para una completa lista de los JARs que fueron explorados y de los que nos se halló TLDs. Saltarse JARs no necesarios durante la exploración puede dar lugar a una mejora de tiempo significativa en el arranque y compilación de JSP .
10-Dec-2015 18:57:06.567 INFO [ContainerBackgroundProcessor[StandardEngine[Catalina]]] org.apache.catalina.core.StandardContext.reload Se ha completado la recarga de este Contexto
10-Dec-2015 18:57:13.384 INFO [main] org.apache.catalina.core.StandardServer.await Se ha recibido un comando de apagado a través del puerto de apagado. Parando la instancia del Servidor.
10-Dec-2015 18:57:13.384 INFO [main] org.apache.coyote.AbstractProtocol.pause Pausing ProtocolHandler ["http-nio-9188"]
10-Dec-2015 18:57:13.386 INFO [main] org.apache.coyote.AbstractProtocol.pause Pausing ProtocolHandler ["ajp-nio-8009"]
10-Dec-2015 18:57:13.387 INFO [main] org.apache.catalina.core.StandardService.stopInternal Parando servicio Catalina
10-Dec-2015 18:57:13.459 INFO [main] org.apache.coyote.AbstractProtocol.stop Stopping ProtocolHandler ["http-nio-9188"]
10-Dec-2015 18:57:13.462 INFO [main] org.apache.coyote.AbstractProtocol.stop Stopping ProtocolHandler ["ajp-nio-8009"]
10-Dec-2015 18:57:13.463 INFO [main] org.apache.coyote.AbstractProtocol.destroy Destroying ProtocolHandler ["http-nio-9188"]
10-Dec-2015 18:57:13.464 INFO [main] org.apache.coyote.AbstractProtocol.destroy Destroying ProtocolHandler ["ajp-nio-8009"]
10-Dec-2015 18:57:14.357 INFO [main] org.apache.catalina.startup.VersionLoggerListener.log Server version:        Apache Tomcat/8.0.28
10-Dec-2015 18:57:14.359 INFO [main] org.apache.catalina.startup.VersionLoggerListener.log Server built:          Oct 7 2015 18:25:21 UTC
10-Dec-2015 18:57:14.359 INFO [main] org.apache.catalina.startup.VersionLoggerListener.log Server number:         8.0.28.0
10-Dec-2015 18:57:14.360 INFO [main] org.apache.catalina.startup.VersionLoggerListener.log OS Name:               Linux
10-Dec-2015 18:57:14.360 INFO [main] org.apache.catalina.startup.VersionLoggerListener.log OS Version:            4.1.1
10-Dec-2015 18:57:14.360 INFO [main] org.apache.catalina.startup.VersionLoggerListener.log Architecture:          i386
10-Dec-2015 18:57:14.360 INFO [main] org.apache.catalina.startup.VersionLoggerListener.log Java Home:             /usr/lib/jvm/jdk-8-oracle-i586/jre
10-Dec-2015 18:57:14.360 INFO [main] org.apache.catalina.startup.VersionLoggerListener.log JVM Version:           1.8.0_45-b14
10-Dec-2015 18:57:14.360 INFO [main] org.apache.catalina.startup.VersionLoggerListener.log JVM Vendor:            Oracle Corporation
10-Dec-2015 18:57:14.361 INFO [main] org.apache.catalina.startup.VersionLoggerListener.log CATALINA_BASE:         /var/home/lab/alum0/03/04/420/Escritorio/AplicacionesWeb/WebCitas/apache-tomcat-8.0.28
10-Dec-2015 18:57:14.361 INFO [main] org.apache.catalina.startup.VersionLoggerListener.log CATALINA_HOME:         /var/home/lab/alum0/03/04/420/Escritorio/AplicacionesWeb/WebCitas/apache-tomcat-8.0.28
10-Dec-2015 18:57:14.361 INFO [main] org.apache.catalina.startup.VersionLoggerListener.log Command line argument: -Djava.util.logging.config.file=/usr/lab/alum/0304420/Escritorio/AplicacionesWeb/WebCitas/apache-tomcat-8.0.28/conf/logging.properties
10-Dec-2015 18:57:14.361 INFO [main] org.apache.catalina.startup.VersionLoggerListener.log Command line argument: -Djava.util.logging.manager=org.apache.juli.ClassLoaderLogManager
10-Dec-2015 18:57:14.361 INFO [main] org.apache.catalina.startup.VersionLoggerListener.log Command line argument: -Djava.endorsed.dirs=/usr/lab/alum/0304420/Escritorio/AplicacionesWeb/WebCitas/apache-tomcat-8.0.28/endorsed
10-Dec-2015 18:57:14.362 INFO [main] org.apache.catalina.startup.VersionLoggerListener.log Command line argument: -Dcatalina.base=/usr/lab/alum/0304420/Escritorio/AplicacionesWeb/WebCitas/apache-tomcat-8.0.28
10-Dec-2015 18:57:14.362 INFO [main] org.apache.catalina.startup.VersionLoggerListener.log Command line argument: -Dcatalina.home=/usr/lab/alum/0304420/Escritorio/AplicacionesWeb/WebCitas/apache-tomcat-8.0.28
10-Dec-2015 18:57:14.362 INFO [main] org.apache.catalina.startup.VersionLoggerListener.log Command line argument: -Djava.io.tmpdir=/usr/lab/alum/0304420/Escritorio/AplicacionesWeb/WebCitas/apache-tomcat-8.0.28/temp
10-Dec-2015 18:57:14.362 INFO [main] org.apache.catalina.core.AprLifecycleListener.lifecycleEvent La biblioteca nativa de Apache Tomcat basada en ARP que permite un rendimiento óptimo en entornos de desarrollo no ha sido hallada en java.library.path: /usr/java/packages/lib/i386:/lib:/usr/lib
10-Dec-2015 18:57:14.621 INFO [main] org.apache.coyote.AbstractProtocol.init Initializing ProtocolHandler ["http-nio-9188"]
10-Dec-2015 18:57:14.648 INFO [main] org.apache.tomcat.util.net.NioSelectorPool.getSharedSelector Using a shared selector for servlet write/read
10-Dec-2015 18:57:14.653 INFO [main] org.apache.coyote.AbstractProtocol.init Initializing ProtocolHandler ["ajp-nio-8009"]
10-Dec-2015 18:57:14.655 INFO [main] org.apache.tomcat.util.net.NioSelectorPool.getSharedSelector Using a shared selector for servlet write/read
10-Dec-2015 18:57:14.656 INFO [main] org.apache.catalina.startup.Catalina.load Initialization processed in 886 ms
10-Dec-2015 18:57:14.694 INFO [main] org.apache.catalina.core.StandardService.startInternal Arrancando servicio Catalina
10-Dec-2015 18:57:14.694 INFO [main] org.apache.catalina.core.StandardEngine.startInternal Starting Servlet Engine: Apache Tomcat/8.0.28
10-Dec-2015 18:57:14.721 INFO [localhost-startStop-1] org.apache.catalina.startup.HostConfig.deployDirectory Despliegue del directorio /var/home/lab/alum0/03/04/420/Escritorio/AplicacionesWeb/WebCitas/apache-tomcat-8.0.28/webapps/examples de la aplicación web
10-Dec-2015 18:57:15.940 INFO [localhost-startStop-1] org.apache.catalina.startup.HostConfig.deployDirectory Deployment of web application directory /var/home/lab/alum0/03/04/420/Escritorio/AplicacionesWeb/WebCitas/apache-tomcat-8.0.28/webapps/examples has finished in 1.218 ms
10-Dec-2015 18:57:15.941 INFO [localhost-startStop-1] org.apache.catalina.startup.HostConfig.deployDirectory Despliegue del directorio /var/home/lab/alum0/03/04/420/Escritorio/AplicacionesWeb/WebCitas/apache-tomcat-8.0.28/webapps/docs de la aplicación web
10-Dec-2015 18:57:15.972 INFO [localhost-startStop-1] org.apache.catalina.startup.HostConfig.deployDirectory Deployment of web application directory /var/home/lab/alum0/03/04/420/Escritorio/AplicacionesWeb/WebCitas/apache-tomcat-8.0.28/webapps/docs has finished in 31 ms
10-Dec-2015 18:57:15.973 INFO [localhost-startStop-1] org.apache.catalina.startup.HostConfig.deployDirectory Despliegue del directorio /var/home/lab/alum0/03/04/420/Escritorio/AplicacionesWeb/WebCitas/apache-tomcat-8.0.28/webapps/manager de la aplicación web
10-Dec-2015 18:57:16.041 INFO [localhost-startStop-1] org.apache.catalina.startup.HostConfig.deployDirectory Deployment of web application directory /var/home/lab/alum0/03/04/420/Escritorio/AplicacionesWeb/WebCitas/apache-tomcat-8.0.28/webapps/manager has finished in 68 ms
10-Dec-2015 18:57:16.041 INFO [localhost-startStop-1] org.apache.catalina.startup.HostConfig.deployDirectory Despliegue del directorio /var/home/lab/alum0/03/04/420/Escritorio/AplicacionesWeb/WebCitas/apache-tomcat-8.0.28/webapps/ROOT de la aplicación web
10-Dec-2015 18:57:16.073 INFO [localhost-startStop-1] org.apache.catalina.startup.HostConfig.deployDirectory Deployment of web application directory /var/home/lab/alum0/03/04/420/Escritorio/AplicacionesWeb/WebCitas/apache-tomcat-8.0.28/webapps/ROOT has finished in 32 ms
10-Dec-2015 18:57:16.073 INFO [localhost-startStop-1] org.apache.catalina.startup.HostConfig.deployDirectory Despliegue del directorio /var/home/lab/alum0/03/04/420/Escritorio/AplicacionesWeb/WebCitas/apache-tomcat-8.0.28/webapps/host-manager de la aplicación web
10-Dec-2015 18:57:16.114 INFO [localhost-startStop-1] org.apache.catalina.startup.HostConfig.deployDirectory Deployment of web application directory /var/home/lab/alum0/03/04/420/Escritorio/AplicacionesWeb/WebCitas/apache-tomcat-8.0.28/webapps/host-manager has finished in 41 ms
10-Dec-2015 18:57:16.114 INFO [localhost-startStop-1] org.apache.catalina.startup.HostConfig.deployDirectory Despliegue del directorio /var/home/lab/alum0/03/04/420/Escritorio/AplicacionesWeb/WebCitas/apache-tomcat-8.0.28/webapps/meetstoric de la aplicación web
10-Dec-2015 18:57:16.456 WARNING [localhost-startStop-1] org.apache.tomcat.dbcp.dbcp2.BasicDataSourceFactory.getObjectInstance Name = BaseDatos Property maxActive is not used in DBCP2, use maxTotal instead. maxTotal default value is 8. You have set value of "8" for "maxActive" property, which is being ignored.
10-Dec-2015 18:57:16.479 INFO [localhost-startStop-1] org.apache.jasper.servlet.TldScanner.scanJars Al menos un JAR, que se ha explorado buscando TLDs, aún no contenía TLDs. Activar historial de depuración para este historiador para una completa lista de los JARs que fueron explorados y de los que nos se halló TLDs. Saltarse JARs no necesarios durante la exploración puede dar lugar a una mejora de tiempo significativa en el arranque y compilación de JSP .
10-Dec-2015 18:57:16.505 INFO [localhost-startStop-1] org.apache.catalina.startup.HostConfig.deployDirectory Deployment of web application directory /var/home/lab/alum0/03/04/420/Escritorio/AplicacionesWeb/WebCitas/apache-tomcat-8.0.28/webapps/meetstoric has finished in 391 ms
10-Dec-2015 18:57:16.511 INFO [main] org.apache.coyote.AbstractProtocol.start Starting ProtocolHandler ["http-nio-9188"]
10-Dec-2015 18:57:16.520 INFO [main] org.apache.coyote.AbstractProtocol.start Starting ProtocolHandler ["ajp-nio-8009"]
10-Dec-2015 18:57:16.522 INFO [main] org.apache.catalina.startup.Catalina.start Server startup in 1865 ms
10-Dec-2015 18:59:56.976 INFO [ContainerBackgroundProcessor[StandardEngine[Catalina]]] org.apache.catalina.core.StandardContext.reload Ha comenzado la recarga de Contexto [/meetstoric]
10-Dec-2015 18:59:56.997 WARNING [ContainerBackgroundProcessor[StandardEngine[Catalina]]] org.apache.catalina.loader.WebappClassLoaderBase.clearReferencesJdbc La aplicación web [meetstoric] registró el conductor JDBC [com.mysql.jdbc.Driver] pero falló al anular el registro mientras la aplicación web estaba parada. Para prevenir un fallo de memoria, se ha anulado el registro del conductor JDBC por la fuerza.
10-Dec-2015 18:59:56.998 WARNING [ContainerBackgroundProcessor[StandardEngine[Catalina]]] org.apache.catalina.loader.WebappClassLoaderBase.clearReferencesThreads The web application [meetstoric] appears to have started a thread named [Abandoned connection cleanup thread] but has failed to stop it. This is very likely to create a memory leak. Stack trace of thread:
 java.lang.Object.wait(Native Method)
 java.lang.ref.ReferenceQueue.remove(ReferenceQueue.java:143)
 com.mysql.jdbc.AbandonedConnectionCleanupThread.run(AbandonedConnectionCleanupThread.java:43)
10-Dec-2015 18:59:57.266 INFO [ContainerBackgroundProcessor[StandardEngine[Catalina]]] org.apache.jasper.servlet.TldScanner.scanJars Al menos un JAR, que se ha explorado buscando TLDs, aún no contenía TLDs. Activar historial de depuración para este historiador para una completa lista de los JARs que fueron explorados y de los que nos se halló TLDs. Saltarse JARs no necesarios durante la exploración puede dar lugar a una mejora de tiempo significativa en el arranque y compilación de JSP .
10-Dec-2015 18:59:57.273 INFO [ContainerBackgroundProcessor[StandardEngine[Catalina]]] org.apache.catalina.core.StandardContext.reload Se ha completado la recarga de este Contexto
10-Dec-2015 19:00:03.617 INFO [main] org.apache.catalina.core.StandardServer.await Se ha recibido un comando de apagado a través del puerto de apagado. Parando la instancia del Servidor.
10-Dec-2015 19:00:03.618 INFO [main] org.apache.coyote.AbstractProtocol.pause Pausing ProtocolHandler ["http-nio-9188"]
10-Dec-2015 19:00:03.670 INFO [main] org.apache.coyote.AbstractProtocol.pause Pausing ProtocolHandler ["ajp-nio-8009"]
10-Dec-2015 19:00:03.721 INFO [main] org.apache.catalina.core.StandardService.stopInternal Parando servicio Catalina
10-Dec-2015 19:00:03.784 INFO [main] org.apache.coyote.AbstractProtocol.stop Stopping ProtocolHandler ["http-nio-9188"]
10-Dec-2015 19:00:03.786 INFO [main] org.apache.coyote.AbstractProtocol.stop Stopping ProtocolHandler ["ajp-nio-8009"]
10-Dec-2015 19:00:03.883 INFO [main] org.apache.coyote.AbstractProtocol.destroy Destroying ProtocolHandler ["http-nio-9188"]
10-Dec-2015 19:00:03.885 INFO [main] org.apache.coyote.AbstractProtocol.destroy Destroying ProtocolHandler ["ajp-nio-8009"]
10-Dec-2015 19:00:04.697 INFO [main] org.apache.catalina.startup.VersionLoggerListener.log Server version:        Apache Tomcat/8.0.28
10-Dec-2015 19:00:04.700 INFO [main] org.apache.catalina.startup.VersionLoggerListener.log Server built:          Oct 7 2015 18:25:21 UTC
10-Dec-2015 19:00:04.700 INFO [main] org.apache.catalina.startup.VersionLoggerListener.log Server number:         8.0.28.0
10-Dec-2015 19:00:04.700 INFO [main] org.apache.catalina.startup.VersionLoggerListener.log OS Name:               Linux
10-Dec-2015 19:00:04.700 INFO [main] org.apache.catalina.startup.VersionLoggerListener.log OS Version:            4.1.1
10-Dec-2015 19:00:04.701 INFO [main] org.apache.catalina.startup.VersionLoggerListener.log Architecture:          i386
10-Dec-2015 19:00:04.701 INFO [main] org.apache.catalina.startup.VersionLoggerListener.log Java Home:             /usr/lib/jvm/jdk-8-oracle-i586/jre
10-Dec-2015 19:00:04.701 INFO [main] org.apache.catalina.startup.VersionLoggerListener.log JVM Version:           1.8.0_45-b14
10-Dec-2015 19:00:04.701 INFO [main] org.apache.catalina.startup.VersionLoggerListener.log JVM Vendor:            Oracle Corporation
10-Dec-2015 19:00:04.702 INFO [main] org.apache.catalina.startup.VersionLoggerListener.log CATALINA_BASE:         /var/home/lab/alum0/03/04/420/Escritorio/AplicacionesWeb/WebCitas/apache-tomcat-8.0.28
10-Dec-2015 19:00:04.702 INFO [main] org.apache.catalina.startup.VersionLoggerListener.log CATALINA_HOME:         /var/home/lab/alum0/03/04/420/Escritorio/AplicacionesWeb/WebCitas/apache-tomcat-8.0.28
10-Dec-2015 19:00:04.703 INFO [main] org.apache.catalina.startup.VersionLoggerListener.log Command line argument: -Djava.util.logging.config.file=/usr/lab/alum/0304420/Escritorio/AplicacionesWeb/WebCitas/apache-tomcat-8.0.28/conf/logging.properties
10-Dec-2015 19:00:04.703 INFO [main] org.apache.catalina.startup.VersionLoggerListener.log Command line argument: -Djava.util.logging.manager=org.apache.juli.ClassLoaderLogManager
10-Dec-2015 19:00:04.703 INFO [main] org.apache.catalina.startup.VersionLoggerListener.log Command line argument: -Djava.endorsed.dirs=/usr/lab/alum/0304420/Escritorio/AplicacionesWeb/WebCitas/apache-tomcat-8.0.28/endorsed
10-Dec-2015 19:00:04.703 INFO [main] org.apache.catalina.startup.VersionLoggerListener.log Command line argument: -Dcatalina.base=/usr/lab/alum/0304420/Escritorio/AplicacionesWeb/WebCitas/apache-tomcat-8.0.28
10-Dec-2015 19:00:04.704 INFO [main] org.apache.catalina.startup.VersionLoggerListener.log Command line argument: -Dcatalina.home=/usr/lab/alum/0304420/Escritorio/AplicacionesWeb/WebCitas/apache-tomcat-8.0.28
10-Dec-2015 19:00:04.704 INFO [main] org.apache.catalina.startup.VersionLoggerListener.log Command line argument: -Djava.io.tmpdir=/usr/lab/alum/0304420/Escritorio/AplicacionesWeb/WebCitas/apache-tomcat-8.0.28/temp
10-Dec-2015 19:00:04.704 INFO [main] org.apache.catalina.core.AprLifecycleListener.lifecycleEvent La biblioteca nativa de Apache Tomcat basada en ARP que permite un rendimiento óptimo en entornos de desarrollo no ha sido hallada en java.library.path: /usr/java/packages/lib/i386:/lib:/usr/lib
10-Dec-2015 19:00:04.954 INFO [main] org.apache.coyote.AbstractProtocol.init Initializing ProtocolHandler ["http-nio-9188"]
10-Dec-2015 19:00:04.978 INFO [main] org.apache.tomcat.util.net.NioSelectorPool.getSharedSelector Using a shared selector for servlet write/read
10-Dec-2015 19:00:04.982 INFO [main] org.apache.coyote.AbstractProtocol.init Initializing ProtocolHandler ["ajp-nio-8009"]
10-Dec-2015 19:00:04.985 INFO [main] org.apache.tomcat.util.net.NioSelectorPool.getSharedSelector Using a shared selector for servlet write/read
10-Dec-2015 19:00:04.985 INFO [main] org.apache.catalina.startup.Catalina.load Initialization processed in 877 ms
10-Dec-2015 19:00:05.023 INFO [main] org.apache.catalina.core.StandardService.startInternal Arrancando servicio Catalina
10-Dec-2015 19:00:05.023 INFO [main] org.apache.catalina.core.StandardEngine.startInternal Starting Servlet Engine: Apache Tomcat/8.0.28
10-Dec-2015 19:00:05.050 INFO [localhost-startStop-1] org.apache.catalina.startup.HostConfig.deployDirectory Despliegue del directorio /var/home/lab/alum0/03/04/420/Escritorio/AplicacionesWeb/WebCitas/apache-tomcat-8.0.28/webapps/examples de la aplicación web
10-Dec-2015 19:00:06.260 INFO [localhost-startStop-1] org.apache.catalina.startup.HostConfig.deployDirectory Deployment of web application directory /var/home/lab/alum0/03/04/420/Escritorio/AplicacionesWeb/WebCitas/apache-tomcat-8.0.28/webapps/examples has finished in 1.208 ms
10-Dec-2015 19:00:06.260 INFO [localhost-startStop-1] org.apache.catalina.startup.HostConfig.deployDirectory Despliegue del directorio /var/home/lab/alum0/03/04/420/Escritorio/AplicacionesWeb/WebCitas/apache-tomcat-8.0.28/webapps/docs de la aplicación web
10-Dec-2015 19:00:06.300 INFO [localhost-startStop-1] org.apache.catalina.startup.HostConfig.deployDirectory Deployment of web application directory /var/home/lab/alum0/03/04/420/Escritorio/AplicacionesWeb/WebCitas/apache-tomcat-8.0.28/webapps/docs has finished in 40 ms
10-Dec-2015 19:00:06.300 INFO [localhost-startStop-1] org.apache.catalina.startup.HostConfig.deployDirectory Despliegue del directorio /var/home/lab/alum0/03/04/420/Escritorio/AplicacionesWeb/WebCitas/apache-tomcat-8.0.28/webapps/manager de la aplicación web
10-Dec-2015 19:00:06.363 INFO [localhost-startStop-1] org.apache.catalina.startup.HostConfig.deployDirectory Deployment of web application directory /var/home/lab/alum0/03/04/420/Escritorio/AplicacionesWeb/WebCitas/apache-tomcat-8.0.28/webapps/manager has finished in 63 ms
10-Dec-2015 19:00:06.364 INFO [localhost-startStop-1] org.apache.catalina.startup.HostConfig.deployDirectory Despliegue del directorio /var/home/lab/alum0/03/04/420/Escritorio/AplicacionesWeb/WebCitas/apache-tomcat-8.0.28/webapps/ROOT de la aplicación web
10-Dec-2015 19:00:06.396 INFO [localhost-startStop-1] org.apache.catalina.startup.HostConfig.deployDirectory Deployment of web application directory /var/home/lab/alum0/03/04/420/Escritorio/AplicacionesWeb/WebCitas/apache-tomcat-8.0.28/webapps/ROOT has finished in 32 ms
10-Dec-2015 19:00:06.396 INFO [localhost-startStop-1] org.apache.catalina.startup.HostConfig.deployDirectory Despliegue del directorio /var/home/lab/alum0/03/04/420/Escritorio/AplicacionesWeb/WebCitas/apache-tomcat-8.0.28/webapps/host-manager de la aplicación web
10-Dec-2015 19:00:06.440 INFO [localhost-startStop-1] org.apache.catalina.startup.HostConfig.deployDirectory Deployment of web application directory /var/home/lab/alum0/03/04/420/Escritorio/AplicacionesWeb/WebCitas/apache-tomcat-8.0.28/webapps/host-manager has finished in 44 ms
10-Dec-2015 19:00:06.440 INFO [localhost-startStop-1] org.apache.catalina.startup.HostConfig.deployDirectory Despliegue del directorio /var/home/lab/alum0/03/04/420/Escritorio/AplicacionesWeb/WebCitas/apache-tomcat-8.0.28/webapps/meetstoric de la aplicación web
10-Dec-2015 19:00:06.778 WARNING [localhost-startStop-1] org.apache.tomcat.dbcp.dbcp2.BasicDataSourceFactory.getObjectInstance Name = BaseDatos Property maxActive is not used in DBCP2, use maxTotal instead. maxTotal default value is 8. You have set value of "8" for "maxActive" property, which is being ignored.
10-Dec-2015 19:00:06.804 INFO [localhost-startStop-1] org.apache.jasper.servlet.TldScanner.scanJars Al menos un JAR, que se ha explorado buscando TLDs, aún no contenía TLDs. Activar historial de depuración para este historiador para una completa lista de los JARs que fueron explorados y de los que nos se halló TLDs. Saltarse JARs no necesarios durante la exploración puede dar lugar a una mejora de tiempo significativa en el arranque y compilación de JSP .
10-Dec-2015 19:00:06.835 INFO [localhost-startStop-1] org.apache.catalina.startup.HostConfig.deployDirectory Deployment of web application directory /var/home/lab/alum0/03/04/420/Escritorio/AplicacionesWeb/WebCitas/apache-tomcat-8.0.28/webapps/meetstoric has finished in 395 ms
10-Dec-2015 19:00:06.842 INFO [main] org.apache.coyote.AbstractProtocol.start Starting ProtocolHandler ["http-nio-9188"]
10-Dec-2015 19:00:06.851 INFO [main] org.apache.coyote.AbstractProtocol.start Starting ProtocolHandler ["ajp-nio-8009"]
10-Dec-2015 19:00:06.853 INFO [main] org.apache.catalina.startup.Catalina.start Server startup in 1867 ms
10-Dec-2015 19:03:23.017 INFO [main] org.apache.catalina.core.StandardServer.await Se ha recibido un comando de apagado a través del puerto de apagado. Parando la instancia del Servidor.
10-Dec-2015 19:03:23.019 INFO [main] org.apache.coyote.AbstractProtocol.pause Pausing ProtocolHandler ["http-nio-9188"]
10-Dec-2015 19:03:23.070 INFO [main] org.apache.coyote.AbstractProtocol.pause Pausing ProtocolHandler ["ajp-nio-8009"]
10-Dec-2015 19:03:23.121 INFO [main] org.apache.catalina.core.StandardService.stopInternal Parando servicio Catalina
10-Dec-2015 19:03:23.186 WARNING [localhost-startStop-2] org.apache.catalina.loader.WebappClassLoaderBase.clearReferencesJdbc La aplicación web [meetstoric] registró el conductor JDBC [com.mysql.jdbc.Driver] pero falló al anular el registro mientras la aplicación web estaba parada. Para prevenir un fallo de memoria, se ha anulado el registro del conductor JDBC por la fuerza.
10-Dec-2015 19:03:23.187 WARNING [localhost-startStop-2] org.apache.catalina.loader.WebappClassLoaderBase.clearReferencesThreads The web application [meetstoric] appears to have started a thread named [Abandoned connection cleanup thread] but has failed to stop it. This is very likely to create a memory leak. Stack trace of thread:
 java.lang.Object.wait(Native Method)
 java.lang.ref.ReferenceQueue.remove(ReferenceQueue.java:143)
 com.mysql.jdbc.AbandonedConnectionCleanupThread.run(AbandonedConnectionCleanupThread.java:43)
10-Dec-2015 19:03:23.202 INFO [main] org.apache.coyote.AbstractProtocol.stop Stopping ProtocolHandler ["http-nio-9188"]
10-Dec-2015 19:03:23.291 INFO [main] org.apache.coyote.AbstractProtocol.stop Stopping ProtocolHandler ["ajp-nio-8009"]
10-Dec-2015 19:03:23.292 INFO [main] org.apache.coyote.AbstractProtocol.destroy Destroying ProtocolHandler ["http-nio-9188"]
10-Dec-2015 19:03:23.294 INFO [main] org.apache.coyote.AbstractProtocol.destroy Destroying ProtocolHandler ["ajp-nio-8009"]
